2025-12-11 18:53:13 +01:00: Error: getaddrinfo ENOTFOUND -p
2025-12-11 18:53:13 +01:00:     at GetAddrInfoReqWrap.onlookup [as oncomplete] (node:dns:107:26) {
2025-12-11 18:53:13 +01:00:   errno: -3008,
2025-12-11 18:53:13 +01:00:   code: 'ENOTFOUND',
2025-12-11 18:53:13 +01:00:   syscall: 'getaddrinfo',
2025-12-11 18:53:13 +01:00:   hostname: '-p'
2025-12-11 18:53:13 +01:00: }
2025-12-11 18:53:14 +01:00: Error: getaddrinfo ENOTFOUND -p
2025-12-11 18:53:14 +01:00:     at GetAddrInfoReqWrap.onlookup [as oncomplete] (node:dns:107:26) {
2025-12-11 18:53:14 +01:00:   errno: -3008,
2025-12-11 18:53:14 +01:00:   code: 'ENOTFOUND',
2025-12-11 18:53:14 +01:00:   syscall: 'getaddrinfo',
2025-12-11 18:53:14 +01:00:   hostname: '-p'
2025-12-11 18:53:14 +01:00: }
2025-12-11 18:53:15 +01:00: Error: getaddrinfo ENOTFOUND -p
2025-12-11 18:53:15 +01:00:     at GetAddrInfoReqWrap.onlookup [as oncomplete] (node:dns:107:26) {
2025-12-11 18:53:15 +01:00:   errno: -3008,
2025-12-11 18:53:15 +01:00:   code: 'ENOTFOUND',
2025-12-11 18:53:15 +01:00:   syscall: 'getaddrinfo',
2025-12-11 18:53:15 +01:00:   hostname: '-p'
2025-12-11 18:53:15 +01:00: }
2025-12-11 18:53:16 +01:00: Error: getaddrinfo ENOTFOUND -p
2025-12-11 18:53:16 +01:00:     at GetAddrInfoReqWrap.onlookup [as oncomplete] (node:dns:107:26) {
2025-12-11 18:53:16 +01:00:   errno: -3008,
2025-12-11 18:53:16 +01:00:   code: 'ENOTFOUND',
2025-12-11 18:53:16 +01:00:   syscall: 'getaddrinfo',
2025-12-11 18:53:16 +01:00:   hostname: '-p'
2025-12-11 18:53:16 +01:00: }
2025-12-11 18:53:17 +01:00: Error: getaddrinfo ENOTFOUND -p
2025-12-11 18:53:17 +01:00:     at GetAddrInfoReqWrap.onlookup [as oncomplete] (node:dns:107:26) {
2025-12-11 18:53:17 +01:00:   errno: -3008,
2025-12-11 18:53:17 +01:00:   code: 'ENOTFOUND',
2025-12-11 18:53:17 +01:00:   syscall: 'getaddrinfo',
2025-12-11 18:53:17 +01:00:   hostname: '-p'
2025-12-11 18:53:17 +01:00: }
2025-12-11 18:53:18 +01:00: Error: getaddrinfo ENOTFOUND -p
2025-12-11 18:53:18 +01:00:     at GetAddrInfoReqWrap.onlookup [as oncomplete] (node:dns:107:26) {
2025-12-11 18:53:18 +01:00:   errno: -3008,
2025-12-11 18:53:18 +01:00:   code: 'ENOTFOUND',
2025-12-11 18:53:18 +01:00:   syscall: 'getaddrinfo',
2025-12-11 18:53:18 +01:00:   hostname: '-p'
2025-12-11 18:53:18 +01:00: }
2025-12-11 18:53:20 +01:00: Error: getaddrinfo ENOTFOUND -p
2025-12-11 18:53:20 +01:00:     at GetAddrInfoReqWrap.onlookup [as oncomplete] (node:dns:107:26) {
2025-12-11 18:53:20 +01:00:   errno: -3008,
2025-12-11 18:53:20 +01:00:   code: 'ENOTFOUND',
2025-12-11 18:53:20 +01:00:   syscall: 'getaddrinfo',
2025-12-11 18:53:20 +01:00:   hostname: '-p'
2025-12-11 18:53:20 +01:00: }
2025-12-11 18:53:21 +01:00: Error: getaddrinfo ENOTFOUND -p
2025-12-11 18:53:21 +01:00:     at GetAddrInfoReqWrap.onlookup [as oncomplete] (node:dns:107:26) {
2025-12-11 18:53:21 +01:00:   errno: -3008,
2025-12-11 18:53:21 +01:00:   code: 'ENOTFOUND',
2025-12-11 18:53:21 +01:00:   syscall: 'getaddrinfo',
2025-12-11 18:53:21 +01:00:   hostname: '-p'
2025-12-11 18:53:21 +01:00: }
2025-12-11 18:53:23 +01:00: Error: getaddrinfo ENOTFOUND -p
2025-12-11 18:53:23 +01:00:     at GetAddrInfoReqWrap.onlookup [as oncomplete] (node:dns:107:26) {
2025-12-11 18:53:23 +01:00:   errno: -3008,
2025-12-11 18:53:23 +01:00:   code: 'ENOTFOUND',
2025-12-11 18:53:23 +01:00:   syscall: 'getaddrinfo',
2025-12-11 18:53:23 +01:00:   hostname: '-p'
2025-12-11 18:53:23 +01:00: }
2025-12-11 18:53:24 +01:00: Error: getaddrinfo ENOTFOUND -p
2025-12-11 18:53:24 +01:00:     at GetAddrInfoReqWrap.onlookup [as oncomplete] (node:dns:107:26) {
2025-12-11 18:53:24 +01:00:   errno: -3008,
2025-12-11 18:53:24 +01:00:   code: 'ENOTFOUND',
2025-12-11 18:53:24 +01:00:   syscall: 'getaddrinfo',
2025-12-11 18:53:24 +01:00:   hostname: '-p'
2025-12-11 18:53:24 +01:00: }
2025-12-11 18:56:46 +01:00: Error: getaddrinfo ENOTFOUND -l
2025-12-11 18:56:46 +01:00:     at GetAddrInfoReqWrap.onlookup [as oncomplete] (node:dns:107:26) {
2025-12-11 18:56:46 +01:00:   errno: -3008,
2025-12-11 18:56:46 +01:00:   code: 'ENOTFOUND',
2025-12-11 18:56:46 +01:00:   syscall: 'getaddrinfo',
2025-12-11 18:56:46 +01:00:   hostname: '-l'
2025-12-11 18:56:46 +01:00: }
2025-12-11 18:56:47 +01:00: Error: getaddrinfo ENOTFOUND -l
2025-12-11 18:56:47 +01:00:     at GetAddrInfoReqWrap.onlookup [as oncomplete] (node:dns:107:26) {
2025-12-11 18:56:47 +01:00:   errno: -3008,
2025-12-11 18:56:47 +01:00:   code: 'ENOTFOUND',
2025-12-11 18:56:47 +01:00:   syscall: 'getaddrinfo',
2025-12-11 18:56:47 +01:00:   hostname: '-l'
2025-12-11 18:56:47 +01:00: }
2025-12-11 18:56:48 +01:00: Error: getaddrinfo ENOTFOUND -l
2025-12-11 18:56:48 +01:00:     at GetAddrInfoReqWrap.onlookup [as oncomplete] (node:dns:107:26) {
2025-12-11 18:56:48 +01:00:   errno: -3008,
2025-12-11 18:56:48 +01:00:   code: 'ENOTFOUND',
2025-12-11 18:56:48 +01:00:   syscall: 'getaddrinfo',
2025-12-11 18:56:48 +01:00:   hostname: '-l'
2025-12-11 18:56:48 +01:00: }
2025-12-11 18:56:49 +01:00: Error: getaddrinfo ENOTFOUND -l
2025-12-11 18:56:49 +01:00:     at GetAddrInfoReqWrap.onlookup [as oncomplete] (node:dns:107:26) {
2025-12-11 18:56:49 +01:00:   errno: -3008,
2025-12-11 18:56:49 +01:00:   code: 'ENOTFOUND',
2025-12-11 18:56:49 +01:00:   syscall: 'getaddrinfo',
2025-12-11 18:56:49 +01:00:   hostname: '-l'
2025-12-11 18:56:49 +01:00: }
2025-12-11 18:56:50 +01:00: Error: getaddrinfo ENOTFOUND -l
2025-12-11 18:56:50 +01:00:     at GetAddrInfoReqWrap.onlookup [as oncomplete] (node:dns:107:26) {
2025-12-11 18:56:50 +01:00:   errno: -3008,
2025-12-11 18:56:50 +01:00:   code: 'ENOTFOUND',
2025-12-11 18:56:50 +01:00:   syscall: 'getaddrinfo',
2025-12-11 18:56:50 +01:00:   hostname: '-l'
2025-12-11 18:56:50 +01:00: }
2025-12-11 18:56:50 +01:00: Error: getaddrinfo ENOTFOUND -l
2025-12-11 18:56:50 +01:00:     at GetAddrInfoReqWrap.onlookup [as oncomplete] (node:dns:107:26) {
2025-12-11 18:56:50 +01:00:   errno: -3008,
2025-12-11 18:56:50 +01:00:   code: 'ENOTFOUND',
2025-12-11 18:56:50 +01:00:   syscall: 'getaddrinfo',
2025-12-11 18:56:50 +01:00:   hostname: '-l'
2025-12-11 18:56:50 +01:00: }
2025-12-11 18:56:51 +01:00: Error: getaddrinfo ENOTFOUND -l
2025-12-11 18:56:51 +01:00:     at GetAddrInfoReqWrap.onlookup [as oncomplete] (node:dns:107:26) {
2025-12-11 18:56:51 +01:00:   errno: -3008,
2025-12-11 18:56:51 +01:00:   code: 'ENOTFOUND',
2025-12-11 18:56:51 +01:00:   syscall: 'getaddrinfo',
2025-12-11 18:56:51 +01:00:   hostname: '-l'
2025-12-11 18:56:51 +01:00: }
2025-12-11 18:56:52 +01:00: Error: getaddrinfo ENOTFOUND -l
2025-12-11 18:56:52 +01:00:     at GetAddrInfoReqWrap.onlookup [as oncomplete] (node:dns:107:26) {
2025-12-11 18:56:52 +01:00:   errno: -3008,
2025-12-11 18:56:52 +01:00:   code: 'ENOTFOUND',
2025-12-11 18:56:52 +01:00:   syscall: 'getaddrinfo',
2025-12-11 18:56:52 +01:00:   hostname: '-l'
2025-12-11 18:56:52 +01:00: }
2025-12-11 18:56:52 +01:00: Error: getaddrinfo ENOTFOUND -l
2025-12-11 18:56:52 +01:00:     at GetAddrInfoReqWrap.onlookup [as oncomplete] (node:dns:107:26) {
2025-12-11 18:56:52 +01:00:   errno: -3008,
2025-12-11 18:56:52 +01:00:   code: 'ENOTFOUND',
2025-12-11 18:56:52 +01:00:   syscall: 'getaddrinfo',
2025-12-11 18:56:52 +01:00:   hostname: '-l'
2025-12-11 18:56:52 +01:00: }
2025-12-11 18:56:53 +01:00: Error: getaddrinfo ENOTFOUND -l
2025-12-11 18:56:53 +01:00:     at GetAddrInfoReqWrap.onlookup [as oncomplete] (node:dns:107:26) {
2025-12-11 18:56:53 +01:00:   errno: -3008,
2025-12-11 18:56:53 +01:00:   code: 'ENOTFOUND',
2025-12-11 18:56:53 +01:00:   syscall: 'getaddrinfo',
2025-12-11 18:56:53 +01:00:   hostname: '-l'
2025-12-11 18:56:53 +01:00: }
2025-12-11 19:23:39 +01:00: Error: getaddrinfo ENOTFOUND -l
2025-12-11 19:23:39 +01:00:     at GetAddrInfoReqWrap.onlookup [as oncomplete] (node:dns:107:26) {
2025-12-11 19:23:39 +01:00:   errno: -3008,
2025-12-11 19:23:39 +01:00:   code: 'ENOTFOUND',
2025-12-11 19:23:39 +01:00:   syscall: 'getaddrinfo',
2025-12-11 19:23:39 +01:00:   hostname: '-l'
2025-12-11 19:23:39 +01:00: }
2025-12-11 19:23:39 +01:00: Error: getaddrinfo ENOTFOUND -l
2025-12-11 19:23:39 +01:00:     at GetAddrInfoReqWrap.onlookup [as oncomplete] (node:dns:107:26) {
2025-12-11 19:23:39 +01:00:   errno: -3008,
2025-12-11 19:23:39 +01:00:   code: 'ENOTFOUND',
2025-12-11 19:23:39 +01:00:   syscall: 'getaddrinfo',
2025-12-11 19:23:39 +01:00:   hostname: '-l'
2025-12-11 19:23:39 +01:00: }
2025-12-11 19:23:40 +01:00: Error: getaddrinfo ENOTFOUND -l
2025-12-11 19:23:40 +01:00:     at GetAddrInfoReqWrap.onlookup [as oncomplete] (node:dns:107:26) {
2025-12-11 19:23:40 +01:00:   errno: -3008,
2025-12-11 19:23:40 +01:00:   code: 'ENOTFOUND',
2025-12-11 19:23:40 +01:00:   syscall: 'getaddrinfo',
2025-12-11 19:23:40 +01:00:   hostname: '-l'
2025-12-11 19:23:40 +01:00: }
2025-12-11 19:23:41 +01:00: Error: getaddrinfo ENOTFOUND -l
2025-12-11 19:23:41 +01:00:     at GetAddrInfoReqWrap.onlookup [as oncomplete] (node:dns:107:26) {
2025-12-11 19:23:41 +01:00:   errno: -3008,
2025-12-11 19:23:41 +01:00:   code: 'ENOTFOUND',
2025-12-11 19:23:41 +01:00:   syscall: 'getaddrinfo',
2025-12-11 19:23:41 +01:00:   hostname: '-l'
2025-12-11 19:23:41 +01:00: }
2025-12-11 19:23:42 +01:00: Error: getaddrinfo ENOTFOUND -l
2025-12-11 19:23:42 +01:00:     at GetAddrInfoReqWrap.onlookup [as oncomplete] (node:dns:107:26) {
2025-12-11 19:23:42 +01:00:   errno: -3008,
2025-12-11 19:23:42 +01:00:   code: 'ENOTFOUND',
2025-12-11 19:23:42 +01:00:   syscall: 'getaddrinfo',
2025-12-11 19:23:42 +01:00:   hostname: '-l'
2025-12-11 19:23:42 +01:00: }
2025-12-11 19:23:43 +01:00: Error: getaddrinfo ENOTFOUND -l
2025-12-11 19:23:43 +01:00:     at GetAddrInfoReqWrap.onlookup [as oncomplete] (node:dns:107:26) {
2025-12-11 19:23:43 +01:00:   errno: -3008,
2025-12-11 19:23:43 +01:00:   code: 'ENOTFOUND',
2025-12-11 19:23:43 +01:00:   syscall: 'getaddrinfo',
2025-12-11 19:23:43 +01:00:   hostname: '-l'
2025-12-11 19:23:43 +01:00: }
2025-12-11 19:23:44 +01:00: Error: getaddrinfo ENOTFOUND -l
2025-12-11 19:23:44 +01:00:     at GetAddrInfoReqWrap.onlookup [as oncomplete] (node:dns:107:26) {
2025-12-11 19:23:44 +01:00:   errno: -3008,
2025-12-11 19:23:44 +01:00:   code: 'ENOTFOUND',
2025-12-11 19:23:44 +01:00:   syscall: 'getaddrinfo',
2025-12-11 19:23:44 +01:00:   hostname: '-l'
2025-12-11 19:23:44 +01:00: }
2025-12-11 19:23:45 +01:00: Error: getaddrinfo ENOTFOUND -l
2025-12-11 19:23:45 +01:00:     at GetAddrInfoReqWrap.onlookup [as oncomplete] (node:dns:107:26) {
2025-12-11 19:23:45 +01:00:   errno: -3008,
2025-12-11 19:23:45 +01:00:   code: 'ENOTFOUND',
2025-12-11 19:23:45 +01:00:   syscall: 'getaddrinfo',
2025-12-11 19:23:45 +01:00:   hostname: '-l'
2025-12-11 19:23:45 +01:00: }
2025-12-11 19:23:46 +01:00: Error: getaddrinfo ENOTFOUND -l
2025-12-11 19:23:46 +01:00:     at GetAddrInfoReqWrap.onlookup [as oncomplete] (node:dns:107:26) {
2025-12-11 19:23:46 +01:00:   errno: -3008,
2025-12-11 19:23:46 +01:00:   code: 'ENOTFOUND',
2025-12-11 19:23:46 +01:00:   syscall: 'getaddrinfo',
2025-12-11 19:23:46 +01:00:   hostname: '-l'
2025-12-11 19:23:46 +01:00: }
2025-12-11 19:23:47 +01:00: Error: getaddrinfo ENOTFOUND -l
2025-12-11 19:23:47 +01:00:     at GetAddrInfoReqWrap.onlookup [as oncomplete] (node:dns:107:26) {
2025-12-11 19:23:47 +01:00:   errno: -3008,
2025-12-11 19:23:47 +01:00:   code: 'ENOTFOUND',
2025-12-11 19:23:47 +01:00:   syscall: 'getaddrinfo',
2025-12-11 19:23:47 +01:00:   hostname: '-l'
2025-12-11 19:23:47 +01:00: }
2025-12-11 19:25:05 +01:00: Error: getaddrinfo ENOTFOUND -l
2025-12-11 19:25:05 +01:00:     at GetAddrInfoReqWrap.onlookup [as oncomplete] (node:dns:107:26) {
2025-12-11 19:25:05 +01:00:   errno: -3008,
2025-12-11 19:25:05 +01:00:   code: 'ENOTFOUND',
2025-12-11 19:25:05 +01:00:   syscall: 'getaddrinfo',
2025-12-11 19:25:05 +01:00:   hostname: '-l'
2025-12-11 19:25:05 +01:00: }
2025-12-11 19:25:06 +01:00: Error: getaddrinfo ENOTFOUND -l
2025-12-11 19:25:06 +01:00:     at GetAddrInfoReqWrap.onlookup [as oncomplete] (node:dns:107:26) {
2025-12-11 19:25:06 +01:00:   errno: -3008,
2025-12-11 19:25:06 +01:00:   code: 'ENOTFOUND',
2025-12-11 19:25:06 +01:00:   syscall: 'getaddrinfo',
2025-12-11 19:25:06 +01:00:   hostname: '-l'
2025-12-11 19:25:06 +01:00: }
2025-12-11 19:25:06 +01:00: Error: getaddrinfo ENOTFOUND -l
2025-12-11 19:25:06 +01:00:     at GetAddrInfoReqWrap.onlookup [as oncomplete] (node:dns:107:26) {
2025-12-11 19:25:06 +01:00:   errno: -3008,
2025-12-11 19:25:06 +01:00:   code: 'ENOTFOUND',
2025-12-11 19:25:06 +01:00:   syscall: 'getaddrinfo',
2025-12-11 19:25:06 +01:00:   hostname: '-l'
2025-12-11 19:25:06 +01:00: }
2025-12-11 19:25:08 +01:00: Error: getaddrinfo ENOTFOUND -l
2025-12-11 19:25:08 +01:00:     at GetAddrInfoReqWrap.onlookup [as oncomplete] (node:dns:107:26) {
2025-12-11 19:25:08 +01:00:   errno: -3008,
2025-12-11 19:25:08 +01:00:   code: 'ENOTFOUND',
2025-12-11 19:25:08 +01:00:   syscall: 'getaddrinfo',
2025-12-11 19:25:08 +01:00:   hostname: '-l'
2025-12-11 19:25:08 +01:00: }
2025-12-11 19:25:09 +01:00: Error: getaddrinfo ENOTFOUND -l
2025-12-11 19:25:09 +01:00:     at GetAddrInfoReqWrap.onlookup [as oncomplete] (node:dns:107:26) {
2025-12-11 19:25:09 +01:00:   errno: -3008,
2025-12-11 19:25:09 +01:00:   code: 'ENOTFOUND',
2025-12-11 19:25:09 +01:00:   syscall: 'getaddrinfo',
2025-12-11 19:25:09 +01:00:   hostname: '-l'
2025-12-11 19:25:09 +01:00: }
2025-12-11 19:25:10 +01:00: Error: getaddrinfo ENOTFOUND -l
2025-12-11 19:25:10 +01:00:     at GetAddrInfoReqWrap.onlookup [as oncomplete] (node:dns:107:26) {
2025-12-11 19:25:10 +01:00:   errno: -3008,
2025-12-11 19:25:10 +01:00:   code: 'ENOTFOUND',
2025-12-11 19:25:10 +01:00:   syscall: 'getaddrinfo',
2025-12-11 19:25:10 +01:00:   hostname: '-l'
2025-12-11 19:25:10 +01:00: }
2025-12-11 19:25:11 +01:00: Error: getaddrinfo ENOTFOUND -l
2025-12-11 19:25:11 +01:00:     at GetAddrInfoReqWrap.onlookup [as oncomplete] (node:dns:107:26) {
2025-12-11 19:25:11 +01:00:   errno: -3008,
2025-12-11 19:25:11 +01:00:   code: 'ENOTFOUND',
2025-12-11 19:25:11 +01:00:   syscall: 'getaddrinfo',
2025-12-11 19:25:11 +01:00:   hostname: '-l'
2025-12-11 19:25:11 +01:00: }
2025-12-11 19:25:12 +01:00: Error: getaddrinfo ENOTFOUND -l
2025-12-11 19:25:12 +01:00:     at GetAddrInfoReqWrap.onlookup [as oncomplete] (node:dns:107:26) {
2025-12-11 19:25:12 +01:00:   errno: -3008,
2025-12-11 19:25:12 +01:00:   code: 'ENOTFOUND',
2025-12-11 19:25:12 +01:00:   syscall: 'getaddrinfo',
2025-12-11 19:25:12 +01:00:   hostname: '-l'
2025-12-11 19:25:12 +01:00: }
2025-12-11 19:25:13 +01:00: Error: getaddrinfo ENOTFOUND -l
2025-12-11 19:25:13 +01:00:     at GetAddrInfoReqWrap.onlookup [as oncomplete] (node:dns:107:26) {
2025-12-11 19:25:13 +01:00:   errno: -3008,
2025-12-11 19:25:13 +01:00:   code: 'ENOTFOUND',
2025-12-11 19:25:13 +01:00:   syscall: 'getaddrinfo',
2025-12-11 19:25:13 +01:00:   hostname: '-l'
2025-12-11 19:25:13 +01:00: }
2025-12-11 19:25:14 +01:00: Error: getaddrinfo ENOTFOUND -l
2025-12-11 19:25:14 +01:00:     at GetAddrInfoReqWrap.onlookup [as oncomplete] (node:dns:107:26) {
2025-12-11 19:25:14 +01:00:   errno: -3008,
2025-12-11 19:25:14 +01:00:   code: 'ENOTFOUND',
2025-12-11 19:25:14 +01:00:   syscall: 'getaddrinfo',
2025-12-11 19:25:14 +01:00:   hostname: '-l'
2025-12-11 19:25:14 +01:00: }
2025-12-11 19:25:28 +01:00: Error: getaddrinfo ENOTFOUND -p
2025-12-11 19:25:28 +01:00:     at GetAddrInfoReqWrap.onlookup [as oncomplete] (node:dns:107:26) {
2025-12-11 19:25:28 +01:00:   errno: -3008,
2025-12-11 19:25:28 +01:00:   code: 'ENOTFOUND',
2025-12-11 19:25:28 +01:00:   syscall: 'getaddrinfo',
2025-12-11 19:25:28 +01:00:   hostname: '-p'
2025-12-11 19:25:28 +01:00: }
2025-12-11 19:25:29 +01:00: Error: getaddrinfo ENOTFOUND -p
2025-12-11 19:25:29 +01:00:     at GetAddrInfoReqWrap.onlookup [as oncomplete] (node:dns:107:26) {
2025-12-11 19:25:29 +01:00:   errno: -3008,
2025-12-11 19:25:29 +01:00:   code: 'ENOTFOUND',
2025-12-11 19:25:29 +01:00:   syscall: 'getaddrinfo',
2025-12-11 19:25:29 +01:00:   hostname: '-p'
2025-12-11 19:25:29 +01:00: }
2025-12-11 19:25:31 +01:00: Error: getaddrinfo ENOTFOUND -p
2025-12-11 19:25:31 +01:00:     at GetAddrInfoReqWrap.onlookup [as oncomplete] (node:dns:107:26) {
2025-12-11 19:25:31 +01:00:   errno: -3008,
2025-12-11 19:25:31 +01:00:   code: 'ENOTFOUND',
2025-12-11 19:25:31 +01:00:   syscall: 'getaddrinfo',
2025-12-11 19:25:31 +01:00:   hostname: '-p'
2025-12-11 19:25:31 +01:00: }
2025-12-11 19:25:32 +01:00: Error: getaddrinfo ENOTFOUND -p
2025-12-11 19:25:32 +01:00:     at GetAddrInfoReqWrap.onlookup [as oncomplete] (node:dns:107:26) {
2025-12-11 19:25:32 +01:00:   errno: -3008,
2025-12-11 19:25:32 +01:00:   code: 'ENOTFOUND',
2025-12-11 19:25:32 +01:00:   syscall: 'getaddrinfo',
2025-12-11 19:25:32 +01:00:   hostname: '-p'
2025-12-11 19:25:32 +01:00: }
2025-12-11 19:25:32 +01:00: Error: getaddrinfo ENOTFOUND -p
2025-12-11 19:25:32 +01:00:     at GetAddrInfoReqWrap.onlookup [as oncomplete] (node:dns:107:26) {
2025-12-11 19:25:32 +01:00:   errno: -3008,
2025-12-11 19:25:32 +01:00:   code: 'ENOTFOUND',
2025-12-11 19:25:32 +01:00:   syscall: 'getaddrinfo',
2025-12-11 19:25:32 +01:00:   hostname: '-p'
2025-12-11 19:25:32 +01:00: }
2025-12-11 19:25:33 +01:00: Error: getaddrinfo ENOTFOUND -p
2025-12-11 19:25:33 +01:00:     at GetAddrInfoReqWrap.onlookup [as oncomplete] (node:dns:107:26) {
2025-12-11 19:25:33 +01:00:   errno: -3008,
2025-12-11 19:25:33 +01:00:   code: 'ENOTFOUND',
2025-12-11 19:25:33 +01:00:   syscall: 'getaddrinfo',
2025-12-11 19:25:33 +01:00:   hostname: '-p'
2025-12-11 19:25:33 +01:00: }
2025-12-11 19:25:34 +01:00: Error: getaddrinfo ENOTFOUND -p
2025-12-11 19:25:34 +01:00:     at GetAddrInfoReqWrap.onlookup [as oncomplete] (node:dns:107:26) {
2025-12-11 19:25:34 +01:00:   errno: -3008,
2025-12-11 19:25:34 +01:00:   code: 'ENOTFOUND',
2025-12-11 19:25:34 +01:00:   syscall: 'getaddrinfo',
2025-12-11 19:25:34 +01:00:   hostname: '-p'
2025-12-11 19:25:34 +01:00: }
2025-12-11 19:25:34 +01:00: Error: getaddrinfo ENOTFOUND -p
2025-12-11 19:25:34 +01:00:     at GetAddrInfoReqWrap.onlookup [as oncomplete] (node:dns:107:26) {
2025-12-11 19:25:34 +01:00:   errno: -3008,
2025-12-11 19:25:34 +01:00:   code: 'ENOTFOUND',
2025-12-11 19:25:34 +01:00:   syscall: 'getaddrinfo',
2025-12-11 19:25:34 +01:00:   hostname: '-p'
2025-12-11 19:25:34 +01:00: }
2025-12-11 19:25:35 +01:00: Error: getaddrinfo ENOTFOUND -p
2025-12-11 19:25:35 +01:00:     at GetAddrInfoReqWrap.onlookup [as oncomplete] (node:dns:107:26) {
2025-12-11 19:25:35 +01:00:   errno: -3008,
2025-12-11 19:25:35 +01:00:   code: 'ENOTFOUND',
2025-12-11 19:25:35 +01:00:   syscall: 'getaddrinfo',
2025-12-11 19:25:35 +01:00:   hostname: '-p'
2025-12-11 19:25:35 +01:00: }
2025-12-11 19:25:36 +01:00: Error: getaddrinfo ENOTFOUND -p
2025-12-11 19:25:36 +01:00:     at GetAddrInfoReqWrap.onlookup [as oncomplete] (node:dns:107:26) {
2025-12-11 19:25:36 +01:00:   errno: -3008,
2025-12-11 19:25:36 +01:00:   code: 'ENOTFOUND',
2025-12-11 19:25:36 +01:00:   syscall: 'getaddrinfo',
2025-12-11 19:25:36 +01:00:   hostname: '-p'
2025-12-11 19:25:36 +01:00: }
2025-12-14 07:31:32 +01:00:  WARN  Checking for updates failed (use `--debug` to see full error)
2025-12-22 09:43:36 +01:00:  WARN  Checking for updates failed (use `--debug` to see full error)
2025-12-31 12:25:40 +01:00:  WARN  Checking for updates failed (use `--debug` to see full error)
2025-12-31 12:37:15 +01:00:  WARN  Checking for updates failed (use `--debug` to see full error)
2026-01-08 22:28:01 +01:00:  WARN  Checking for updates failed (use `--debug` to see full error)
2026-01-08 23:37:57 +01:00:  WARN  Checking for updates failed (use `--debug` to see full error)
2026-01-09 00:58:40 +01:00:  WARN  Checking for updates failed (use `--debug` to see full error)
2026-01-09 19:13:42 +01:00:  WARN  Checking for updates failed (use `--debug` to see full error)
2026-01-28 13:34:00 +01:00:  WARN  Checking for updates failed (use `--debug` to see full error)
